2015-07-24 11:51:13,573 [10] ERROR EPiServer.Global: 1.2.5 Unhandled exception in ASP.NET
System.Web.HttpCompileException (0x80004005): c:\Users\bogdan.mates\Documents\Visual Studio 2013\Projects\CMSSite\CMSSite\Views\NikeShoeVariant\Index.cshtml(7): error CS1061: 'CMSSite.Models.Catalog.NikeShoeVariant' does not contain a definition for 'MainBody' and no extension method 'MainBody' accepting a first argument of type 'CMSSite.Models.Catalog.NikeShoeVariant' could be found (are you missing a using directive or an assembly reference?)
   at System.Web.Compilation.AssemblyBuilder.Compile()
   at System.Web.Compilation.BuildProvidersCompiler.PerformBuild()
   at System.Web.Compilation.BuildManager.CompileWebFile(VirtualPath virtualPath)
   at System.Web.Compilation.BuildManager.GetVPathBuildResultInternal(VirtualPath virtualPath, Boolean noBuild, Boolean allowCrossApp, Boolean allowBuildInPrecompile, Boolean throwIfNotFound, Boolean ensureIsUpToDate)
   at System.Web.Compilation.BuildManager.GetVPathBuildResultWithNoAssert(HttpContext context, VirtualPath virtualPath, Boolean noBuild, Boolean allowCrossApp, Boolean allowBuildInPrecompile, Boolean throwIfNotFound, Boolean ensureIsUpToDate)
   at System.Web.Compilation.BuildManager.GetVirtualPathObjectFactory(VirtualPath virtualPath, HttpContext context, Boolean allowCrossApp, Boolean throwIfNotFound)
   at System.Web.Compilation.BuildManager.GetCompiledType(VirtualPath virtualPath)
   at System.Web.Compilation.BuildManager.GetCompiledType(String virtualPath)
   at System.Web.Mvc.BuildManagerWrapper.System.Web.Mvc.IBuildManager.GetCompiledType(String virtualPath)
   at System.Web.Mvc.BuildManagerCompiledView.Render(ViewContext viewContext, TextWriter writer)
   at System.Web.Mvc.ViewResultBase.ExecuteResult(ControllerContext context)
   at System.Web.Mvc.ControllerActionInvoker.InvokeActionResult(ControllerContext controllerContext, ActionResult actionResult)
   at System.Web.Mvc.ControllerActionInvoker.InvokeActionResultFilterRecursive(IList`1 filters, Int32 filterIndex, ResultExecutingContext preContext, ControllerContext controllerContext, ActionResult actionResult)
   at System.Web.Mvc.ControllerActionInvoker.InvokeActionResultFilterRecursive(IList`1 filters, Int32 filterIndex, ResultExecutingContext preContext, ControllerContext controllerContext, ActionResult actionResult)
   at System.Web.Mvc.ControllerActionInvoker.InvokeActionResultFilterRecursive(IList`1 filters, Int32 filterIndex, ResultExecutingContext preContext, ControllerContext controllerContext, ActionResult actionResult)
   at System.Web.Mvc.ControllerActionInvoker.InvokeActionResultFilterRecursive(IList`1 filters, Int32 filterIndex, ResultExecutingContext preContext, ControllerContext controllerContext, ActionResult actionResult)
   at System.Web.Mvc.ControllerActionInvoker.InvokeActionResultFilterRecursive(IList`1 filters, Int32 filterIndex, ResultExecutingContext preContext, ControllerContext controllerContext, ActionResult actionResult)
   at System.Web.Mvc.ControllerActionInvoker.InvokeActionResultFilterRecursive(IList`1 filters, Int32 filterIndex, ResultExecutingContext preContext, ControllerContext controllerContext, ActionResult actionResult)
   at System.Web.Mvc.ControllerActionInvoker.InvokeActionResultWithFilters(ControllerContext controllerContext, IList`1 filters, ActionResult actionResult)
   at System.Web.Mvc.Async.AsyncControllerActionInvoker.<>c__DisplayClass21.<>c__DisplayClass2b.<BeginInvokeAction>b__1c()
   at System.Web.Mvc.Async.AsyncControllerActionInvoker.<>c__DisplayClass21.<BeginInvokeAction>b__1e(IAsyncResult asyncResult)
   at System.Web.Mvc.Async.AsyncResultWrapper.WrappedAsyncResult`1.CallEndDelegate(IAsyncResult asyncResult)
   at System.Web.Mvc.Async.AsyncResultWrapper.WrappedAsyncResultBase`1.End()
   at System.Web.Mvc.Async.AsyncResultWrapper.End[TResult](IAsyncResult asyncResult, Object tag)
   at System.Web.Mvc.Async.AsyncControllerActionInvoker.EndInvokeAction(IAsyncResult asyncResult)
   at System.Web.Mvc.Controller.<BeginExecuteCore>b__1d(IAsyncResult asyncResult, ExecuteCoreState innerState)
   at System.Web.Mvc.Async.AsyncResultWrapper.WrappedAsyncVoid`1.CallEndDelegate(IAsyncResult asyncResult)
   at System.Web.Mvc.Async.AsyncResultWrapper.WrappedAsyncResultBase`1.End()
   at System.Web.Mvc.Async.AsyncResultWrapper.End[TResult](IAsyncResult asyncResult, Object tag)
   at System.Web.Mvc.Async.AsyncResultWrapper.End(IAsyncResult asyncResult, Object tag)
   at System.Web.Mvc.Controller.EndExecuteCore(IAsyncResult asyncResult)
   at System.Web.Mvc.Controller.<BeginExecute>b__15(IAsyncResult asyncResult, Controller controller)
   at System.Web.Mvc.Async.AsyncResultWrapper.WrappedAsyncVoid`1.CallEndDelegate(IAsyncResult asyncResult)
   at System.Web.Mvc.Async.AsyncResultWrapper.WrappedAsyncResultBase`1.End()
   at System.Web.Mvc.Async.AsyncResultWrapper.End[TResult](IAsyncResult asyncResult, Object tag)
   at System.Web.Mvc.Async.AsyncResultWrapper.End(IAsyncResult asyncResult, Object tag)
   at System.Web.Mvc.Controller.EndExecute(IAsyncResult asyncResult)
   at System.Web.Mvc.Controller.System.Web.Mvc.Async.IAsyncController.EndExecute(IAsyncResult asyncResult)
   at System.Web.Mvc.MvcHandler.<BeginProcessRequest>b__5(IAsyncResult asyncResult, ProcessRequestState innerState)
   at System.Web.Mvc.Async.AsyncResultWrapper.WrappedAsyncVoid`1.CallEndDelegate(IAsyncResult asyncResult)
   at System.Web.Mvc.Async.AsyncResultWrapper.WrappedAsyncResultBase`1.End()
   at System.Web.Mvc.Async.AsyncResultWrapper.End[TResult](IAsyncResult asyncResult, Object tag)
   at System.Web.Mvc.Async.AsyncResultWrapper.End(IAsyncResult asyncResult, Object tag)
   at System.Web.Mvc.MvcHandler.EndProcessRequest(IAsyncResult asyncResult)
   at System.Web.Mvc.MvcHandler.System.Web.IHttpAsyncHandler.EndProcessRequest(IAsyncResult result)
   at System.Web.HttpApplication.CallHandlerExecutionStep.System.Web.HttpApplication.IExecutionStep.Execute()
   at System.Web.HttpApplication.ExecuteStep(IExecutionStep step, Boolean& completedSynchronously)
System.Web.HttpCompileException (0x80004005): c:\Users\bogdan.mates\Documents\Visual Studio 2013\Projects\CMSSite\CMSSite\Views\NikeShoeVariant\Index.cshtml(7): error CS1061: 'CMSSite.Models.Catalog.NikeShoeVariant' does not contain a definition for 'MainBody' and no extension method 'MainBody' accepting a first argument of type 'CMSSite.Models.Catalog.NikeShoeVariant' could be found (are you missing a using directive or an assembly reference?)
   at System.Web.Compilation.AssemblyBuilder.Compile()
   at System.Web.Compilation.BuildProvidersCompiler.PerformBuild()
   at System.Web.Compilation.BuildManager.CompileWebFile(VirtualPath virtualPath)
   at System.Web.Compilation.BuildManager.GetVPathBuildResultInternal(VirtualPath virtualPath, Boolean noBuild, Boolean allowCrossApp, Boolean allowBuildInPrecompile, Boolean throwIfNotFound, Boolean ensureIsUpToDate)
   at System.Web.Compilation.BuildManager.GetVPathBuildResultWithNoAssert(HttpContext context, VirtualPath virtualPath, Boolean noBuild, Boolean allowCrossApp, Boolean allowBuildInPrecompile, Boolean throwIfNotFound, Boolean ensureIsUpToDate)
   at System.Web.Compilation.BuildManager.GetVirtualPathObjectFactory(VirtualPath virtualPath, HttpContext context, Boolean allowCrossApp, Boolean throwIfNotFound)
   at System.Web.Compilation.BuildManager.GetCompiledType(VirtualPath virtualPath)
   at System.Web.Compilation.BuildManager.GetCompiledType(String virtualPath)
   at System.Web.Mvc.BuildManagerWrapper.System.Web.Mvc.IBuildManager.GetCompiledType(String virtualPath)
   at System.Web.Mvc.BuildManagerCompiledView.Render(ViewContext viewContext, TextWriter writer)
   at System.Web.Mvc.ViewResultBase.ExecuteResult(ControllerContext context)
   at System.Web.Mvc.ControllerActionInvoker.InvokeActionResult(ControllerContext controllerContext, ActionResult actionResult)
   at System.Web.Mvc.ControllerActionInvoker.InvokeActionResultFilterRecursive(IList`1 filters, Int32 filterIndex, ResultExecutingContext preContext, ControllerContext controllerContext, ActionResult actionResult)
   at System.Web.Mvc.ControllerActionInvoker.InvokeActionResultFilterRecursive(IList`1 filters, Int32 filterIndex, ResultExecutingContext preContext, ControllerContext controllerContext, ActionResult actionResult)
   at System.Web.Mvc.ControllerActionInvoker.InvokeActionResultFilterRecursive(IList`1 filters, Int32 filterIndex, ResultExecutingContext preContext, ControllerContext controllerContext, ActionResult actionResult)
   at System.Web.Mvc.ControllerActionInvoker.InvokeActionResultFilterRecursive(IList`1 filters, Int32 filterIndex, ResultExecutingContext preContext, ControllerContext controllerContext, ActionResult actionResult)
   at System.Web.Mvc.ControllerActionInvoker.InvokeActionResultFilterRecursive(IList`1 filters, Int32 filterIndex, ResultExecutingContext preContext, ControllerContext controllerContext, ActionResult actionResult)
   at System.Web.Mvc.ControllerActionInvoker.InvokeActionResultFilterRecursive(IList`1 filters, Int32 filterIndex, ResultExecutingContext preContext, ControllerContext controllerContext, ActionResult actionResult)
   at System.Web.Mvc.ControllerActionInvoker.InvokeActionResultWithFilters(ControllerContext controllerContext, IList`1 filters, ActionResult actionResult)
   at System.Web.Mvc.Async.AsyncControllerActionInvoker.<>c__DisplayClass21.<>c__DisplayClass2b.<BeginInvokeAction>b__1c()
   at System.Web.Mvc.Async.AsyncControllerActionInvoker.<>c__DisplayClass21.<BeginInvokeAction>b__1e(IAsyncResult asyncResult)
   at System.Web.Mvc.Async.AsyncResultWrapper.WrappedAsyncResult`1.CallEndDelegate(IAsyncResult asyncResult)
   at System.Web.Mvc.Async.AsyncResultWrapper.WrappedAsyncResultBase`1.End()
   at System.Web.Mvc.Async.AsyncResultWrapper.End[TResult](IAsyncResult asyncResult, Object tag)
   at System.Web.Mvc.Async.AsyncControllerActionInvoker.EndInvokeAction(IAsyncResult asyncResult)
   at System.Web.Mvc.Controller.<BeginExecuteCore>b__1d(IAsyncResult asyncResult, ExecuteCoreState innerState)
   at System.Web.Mvc.Async.AsyncResultWrapper.WrappedAsyncVoid`1.CallEndDelegate(IAsyncResult asyncResult)
   at System.Web.Mvc.Async.AsyncResultWrapper.WrappedAsyncResultBase`1.End()
   at System.Web.Mvc.Async.AsyncResultWrapper.End[TResult](IAsyncResult asyncResult, Object tag)
   at System.Web.Mvc.Async.AsyncResultWrapper.End(IAsyncResult asyncResult, Object tag)
   at System.Web.Mvc.Controller.EndExecuteCore(IAsyncResult asyncResult)
   at System.Web.Mvc.Controller.<BeginExecute>b__15(IAsyncResult asyncResult, Controller controller)
   at System.Web.Mvc.Async.AsyncResultWrapper.WrappedAsyncVoid`1.CallEndDelegate(IAsyncResult asyncResult)
   at System.Web.Mvc.Async.AsyncResultWrapper.WrappedAsyncResultBase`1.End()
   at System.Web.Mvc.Async.AsyncResultWrapper.End[TResult](IAsyncResult asyncResult, Object tag)
   at System.Web.Mvc.Async.AsyncResultWrapper.End(IAsyncResult asyncResult, Object tag)
   at System.Web.Mvc.Controller.EndExecute(IAsyncResult asyncResult)
   at System.Web.Mvc.Controller.System.Web.Mvc.Async.IAsyncController.EndExecute(IAsyncResult asyncResult)
   at System.Web.Mvc.MvcHandler.<BeginProcessRequest>b__5(IAsyncResult asyncResult, ProcessRequestState innerState)
   at System.Web.Mvc.Async.AsyncResultWrapper.WrappedAsyncVoid`1.CallEndDelegate(IAsyncResult asyncResult)
   at System.Web.Mvc.Async.AsyncResultWrapper.WrappedAsyncResultBase`1.End()
   at System.Web.Mvc.Async.AsyncResultWrapper.End[TResult](IAsyncResult asyncResult, Object tag)
   at System.Web.Mvc.Async.AsyncResultWrapper.End(IAsyncResult asyncResult, Object tag)
   at System.Web.Mvc.MvcHandler.EndProcessRequest(IAsyncResult asyncResult)
   at System.Web.Mvc.MvcHandler.System.Web.IHttpAsyncHandler.EndProcessRequest(IAsyncResult result)
   at System.Web.HttpApplication.CallHandlerExecutionStep.System.Web.HttpApplication.IExecutionStep.Execute()
   at System.Web.HttpApplication.ExecuteStep(IExecutionStep step, Boolean& completedSynchronously)
2015-07-24 11:51:21,696 [15] ERROR EPiServer.Global: 1.2.5 Unhandled exception in ASP.NET
System.Web.HttpCompileException (0x80004005): c:\Users\bogdan.mates\Documents\Visual Studio 2013\Projects\CMSSite\CMSSite\Views\NikeShoeVariant\Index.cshtml(7): error CS1061: 'CMSSite.Models.Catalog.NikeShoeVariant' does not contain a definition for 'MainBody' and no extension method 'MainBody' accepting a first argument of type 'CMSSite.Models.Catalog.NikeShoeVariant' could be found (are you missing a using directive or an assembly reference?)
   at System.Web.Compilation.BuildManager.PostProcessFoundBuildResult(BuildResult result, Boolean keyFromVPP, VirtualPath virtualPath)
   at System.Web.Compilation.BuildManager.GetBuildResultFromCacheInternal(String cacheKey, Boolean keyFromVPP, VirtualPath virtualPath, Int64 hashCode, Boolean ensureIsUpToDate)
   at System.Web.Compilation.BuildManager.GetVPathBuildResultFromCacheInternal(VirtualPath virtualPath, Boolean ensureIsUpToDate)
   at System.Web.Compilation.BuildManager.GetVPathBuildResultInternal(VirtualPath virtualPath, Boolean noBuild, Boolean allowCrossApp, Boolean allowBuildInPrecompile, Boolean throwIfNotFound, Boolean ensureIsUpToDate)
   at System.Web.Compilation.BuildManager.GetVPathBuildResultWithNoAssert(HttpContext context, VirtualPath virtualPath, Boolean noBuild, Boolean allowCrossApp, Boolean allowBuildInPrecompile, Boolean throwIfNotFound, Boolean ensureIsUpToDate)
   at System.Web.Compilation.BuildManager.GetVirtualPathObjectFactory(VirtualPath virtualPath, HttpContext context, Boolean allowCrossApp, Boolean throwIfNotFound)
   at System.Web.Compilation.BuildManager.GetCompiledType(VirtualPath virtualPath)
   at System.Web.Compilation.BuildManager.GetCompiledType(String virtualPath)
   at System.Web.Mvc.BuildManagerWrapper.System.Web.Mvc.IBuildManager.GetCompiledType(String virtualPath)
   at System.Web.Mvc.BuildManagerCompiledView.Render(ViewContext viewContext, TextWriter writer)
   at System.Web.Mvc.ViewResultBase.ExecuteResult(ControllerContext context)
   at System.Web.Mvc.ControllerActionInvoker.InvokeActionResult(ControllerContext controllerContext, ActionResult actionResult)
   at System.Web.Mvc.ControllerActionInvoker.InvokeActionResultFilterRecursive(IList`1 filters, Int32 filterIndex, ResultExecutingContext preContext, ControllerContext controllerContext, ActionResult actionResult)
   at System.Web.Mvc.ControllerActionInvoker.InvokeActionResultFilterRecursive(IList`1 filters, Int32 filterIndex, ResultExecutingContext preContext, ControllerContext controllerContext, ActionResult actionResult)
   at System.Web.Mvc.ControllerActionInvoker.InvokeActionResultFilterRecursive(IList`1 filters, Int32 filterIndex, ResultExecutingContext preContext, ControllerContext controllerContext, ActionResult actionResult)
   at System.Web.Mvc.ControllerActionInvoker.InvokeActionResultFilterRecursive(IList`1 filters, Int32 filterIndex, ResultExecutingContext preContext, ControllerContext controllerContext, ActionResult actionResult)
   at System.Web.Mvc.ControllerActionInvoker.InvokeActionResultFilterRecursive(IList`1 filters, Int32 filterIndex, ResultExecutingContext preContext, ControllerContext controllerContext, ActionResult actionResult)
   at System.Web.Mvc.ControllerActionInvoker.InvokeActionResultFilterRecursive(IList`1 filters, Int32 filterIndex, ResultExecutingContext preContext, ControllerContext controllerContext, ActionResult actionResult)
   at System.Web.Mvc.ControllerActionInvoker.InvokeActionResultWithFilters(ControllerContext controllerContext, IList`1 filters, ActionResult actionResult)
   at System.Web.Mvc.Async.AsyncControllerActionInvoker.<>c__DisplayClass21.<>c__DisplayClass2b.<BeginInvokeAction>b__1c()
   at System.Web.Mvc.Async.AsyncControllerActionInvoker.<>c__DisplayClass21.<BeginInvokeAction>b__1e(IAsyncResult asyncResult)
   at System.Web.Mvc.Async.AsyncResultWrapper.WrappedAsyncResult`1.CallEndDelegate(IAsyncResult asyncResult)
   at System.Web.Mvc.Async.AsyncResultWrapper.WrappedAsyncResultBase`1.End()
   at System.Web.Mvc.Async.AsyncResultWrapper.End[TResult](IAsyncResult asyncResult, Object tag)
   at System.Web.Mvc.Async.AsyncControllerActionInvoker.EndInvokeAction(IAsyncResult asyncResult)
   at System.Web.Mvc.Controller.<BeginExecuteCore>b__1d(IAsyncResult asyncResult, ExecuteCoreState innerState)
   at System.Web.Mvc.Async.AsyncResultWrapper.WrappedAsyncVoid`1.CallEndDelegate(IAsyncResult asyncResult)
   at System.Web.Mvc.Async.AsyncResultWrapper.WrappedAsyncResultBase`1.End()
   at System.Web.Mvc.Async.AsyncResultWrapper.End[TResult](IAsyncResult asyncResult, Object tag)
   at System.Web.Mvc.Async.AsyncResultWrapper.End(IAsyncResult asyncResult, Object tag)
   at System.Web.Mvc.Controller.EndExecuteCore(IAsyncResult asyncResult)
   at System.Web.Mvc.Controller.<BeginExecute>b__15(IAsyncResult asyncResult, Controller controller)
   at System.Web.Mvc.Async.AsyncResultWrapper.WrappedAsyncVoid`1.CallEndDelegate(IAsyncResult asyncResult)
   at System.Web.Mvc.Async.AsyncResultWrapper.WrappedAsyncResultBase`1.End()
   at System.Web.Mvc.Async.AsyncResultWrapper.End[TResult](IAsyncResult asyncResult, Object tag)
   at System.Web.Mvc.Async.AsyncResultWrapper.End(IAsyncResult asyncResult, Object tag)
   at System.Web.Mvc.Controller.EndExecute(IAsyncResult asyncResult)
   at System.Web.Mvc.Controller.System.Web.Mvc.Async.IAsyncController.EndExecute(IAsyncResult asyncResult)
   at System.Web.Mvc.MvcHandler.<BeginProcessRequest>b__5(IAsyncResult asyncResult, ProcessRequestState innerState)
   at System.Web.Mvc.Async.AsyncResultWrapper.WrappedAsyncVoid`1.CallEndDelegate(IAsyncResult asyncResult)
   at System.Web.Mvc.Async.AsyncResultWrapper.WrappedAsyncResultBase`1.End()
   at System.Web.Mvc.Async.AsyncResultWrapper.End[TResult](IAsyncResult asyncResult, Object tag)
   at System.Web.Mvc.Async.AsyncResultWrapper.End(IAsyncResult asyncResult, Object tag)
   at System.Web.Mvc.MvcHandler.EndProcessRequest(IAsyncResult asyncResult)
   at System.Web.Mvc.MvcHandler.System.Web.IHttpAsyncHandler.EndProcessRequest(IAsyncResult result)
   at System.Web.HttpApplication.CallHandlerExecutionStep.System.Web.HttpApplication.IExecutionStep.Execute()
   at System.Web.HttpApplication.ExecuteStep(IExecutionStep step, Boolean& completedSynchronously)
System.Web.HttpCompileException (0x80004005): c:\Users\bogdan.mates\Documents\Visual Studio 2013\Projects\CMSSite\CMSSite\Views\NikeShoeVariant\Index.cshtml(7): error CS1061: 'CMSSite.Models.Catalog.NikeShoeVariant' does not contain a definition for 'MainBody' and no extension method 'MainBody' accepting a first argument of type 'CMSSite.Models.Catalog.NikeShoeVariant' could be found (are you missing a using directive or an assembly reference?)
   at System.Web.Compilation.BuildManager.PostProcessFoundBuildResult(BuildResult result, Boolean keyFromVPP, VirtualPath virtualPath)
   at System.Web.Compilation.BuildManager.GetBuildResultFromCacheInternal(String cacheKey, Boolean keyFromVPP, VirtualPath virtualPath, Int64 hashCode, Boolean ensureIsUpToDate)
   at System.Web.Compilation.BuildManager.GetVPathBuildResultFromCacheInternal(VirtualPath virtualPath, Boolean ensureIsUpToDate)
   at System.Web.Compilation.BuildManager.GetVPathBuildResultInternal(VirtualPath virtualPath, Boolean noBuild, Boolean allowCrossApp, Boolean allowBuildInPrecompile, Boolean throwIfNotFound, Boolean ensureIsUpToDate)
   at System.Web.Compilation.BuildManager.GetVPathBuildResultWithNoAssert(HttpContext context, VirtualPath virtualPath, Boolean noBuild, Boolean allowCrossApp, Boolean allowBuildInPrecompile, Boolean throwIfNotFound, Boolean ensureIsUpToDate)
   at System.Web.Compilation.BuildManager.GetVirtualPathObjectFactory(VirtualPath virtualPath, HttpContext context, Boolean allowCrossApp, Boolean throwIfNotFound)
   at System.Web.Compilation.BuildManager.GetCompiledType(VirtualPath virtualPath)
   at System.Web.Compilation.BuildManager.GetCompiledType(String virtualPath)
   at System.Web.Mvc.BuildManagerWrapper.System.Web.Mvc.IBuildManager.GetCompiledType(String virtualPath)
   at System.Web.Mvc.BuildManagerCompiledView.Render(ViewContext viewContext, TextWriter writer)
   at System.Web.Mvc.ViewResultBase.ExecuteResult(ControllerContext context)
   at System.Web.Mvc.ControllerActionInvoker.InvokeActionResult(ControllerContext controllerContext, ActionResult actionResult)
   at System.Web.Mvc.ControllerActionInvoker.InvokeActionResultFilterRecursive(IList`1 filters, Int32 filterIndex, ResultExecutingContext preContext, ControllerContext controllerContext, ActionResult actionResult)
   at System.Web.Mvc.ControllerActionInvoker.InvokeActionResultFilterRecursive(IList`1 filters, Int32 filterIndex, ResultExecutingContext preContext, ControllerContext controllerContext, ActionResult actionResult)
   at System.Web.Mvc.ControllerActionInvoker.InvokeActionResultFilterRecursive(IList`1 filters, Int32 filterIndex, ResultExecutingContext preContext, ControllerContext controllerContext, ActionResult actionResult)
   at System.Web.Mvc.ControllerActionInvoker.InvokeActionResultFilterRecursive(IList`1 filters, Int32 filterIndex, ResultExecutingContext preContext, ControllerContext controllerContext, ActionResult actionResult)
   at System.Web.Mvc.ControllerActionInvoker.InvokeActionResultFilterRecursive(IList`1 filters, Int32 filterIndex, ResultExecutingContext preContext, ControllerContext controllerContext, ActionResult actionResult)
   at System.Web.Mvc.ControllerActionInvoker.InvokeActionResultFilterRecursive(IList`1 filters, Int32 filterIndex, ResultExecutingContext preContext, ControllerContext controllerContext, ActionResult actionResult)
   at System.Web.Mvc.ControllerActionInvoker.InvokeActionResultWithFilters(ControllerContext controllerContext, IList`1 filters, ActionResult actionResult)
   at System.Web.Mvc.Async.AsyncControllerActionInvoker.<>c__DisplayClass21.<>c__DisplayClass2b.<BeginInvokeAction>b__1c()
   at System.Web.Mvc.Async.AsyncControllerActionInvoker.<>c__DisplayClass21.<BeginInvokeAction>b__1e(IAsyncResult asyncResult)
   at System.Web.Mvc.Async.AsyncResultWrapper.WrappedAsyncResult`1.CallEndDelegate(IAsyncResult asyncResult)
   at System.Web.Mvc.Async.AsyncResultWrapper.WrappedAsyncResultBase`1.End()
   at System.Web.Mvc.Async.AsyncResultWrapper.End[TResult](IAsyncResult asyncResult, Object tag)
   at System.Web.Mvc.Async.AsyncControllerActionInvoker.EndInvokeAction(IAsyncResult asyncResult)
   at System.Web.Mvc.Controller.<BeginExecuteCore>b__1d(IAsyncResult asyncResult, ExecuteCoreState innerState)
   at System.Web.Mvc.Async.AsyncResultWrapper.WrappedAsyncVoid`1.CallEndDelegate(IAsyncResult asyncResult)
   at System.Web.Mvc.Async.AsyncResultWrapper.WrappedAsyncResultBase`1.End()
   at System.Web.Mvc.Async.AsyncResultWrapper.End[TResult](IAsyncResult asyncResult, Object tag)
   at System.Web.Mvc.Async.AsyncResultWrapper.End(IAsyncResult asyncResult, Object tag)
   at System.Web.Mvc.Controller.EndExecuteCore(IAsyncResult asyncResult)
   at System.Web.Mvc.Controller.<BeginExecute>b__15(IAsyncResult asyncResult, Controller controller)
   at System.Web.Mvc.Async.AsyncResultWrapper.WrappedAsyncVoid`1.CallEndDelegate(IAsyncResult asyncResult)
   at System.Web.Mvc.Async.AsyncResultWrapper.WrappedAsyncResultBase`1.End()
   at System.Web.Mvc.Async.AsyncResultWrapper.End[TResult](IAsyncResult asyncResult, Object tag)
   at System.Web.Mvc.Async.AsyncResultWrapper.End(IAsyncResult asyncResult, Object tag)
   at System.Web.Mvc.Controller.EndExecute(IAsyncResult asyncResult)
   at System.Web.Mvc.Controller.System.Web.Mvc.Async.IAsyncController.EndExecute(IAsyncResult asyncResult)
   at System.Web.Mvc.MvcHandler.<BeginProcessRequest>b__5(IAsyncResult asyncResult, ProcessRequestState innerState)
   at System.Web.Mvc.Async.AsyncResultWrapper.WrappedAsyncVoid`1.CallEndDelegate(IAsyncResult asyncResult)
   at System.Web.Mvc.Async.AsyncResultWrapper.WrappedAsyncResultBase`1.End()
   at System.Web.Mvc.Async.AsyncResultWrapper.End[TResult](IAsyncResult asyncResult, Object tag)
   at System.Web.Mvc.Async.AsyncResultWrapper.End(IAsyncResult asyncResult, Object tag)
   at System.Web.Mvc.MvcHandler.EndProcessRequest(IAsyncResult asyncResult)
   at System.Web.Mvc.MvcHandler.System.Web.IHttpAsyncHandler.EndProcessRequest(IAsyncResult result)
   at System.Web.HttpApplication.CallHandlerExecutionStep.System.Web.HttpApplication.IExecutionStep.Execute()
   at System.Web.HttpApplication.ExecuteStep(IExecutionStep step, Boolean& completedSynchronously)
2015-07-24 13:38:11,511 [13] ERROR EPiServer.Global: 1.2.5 Unhandled exception in ASP.NET
System.Web.HttpCompileException (0x80004005): c:\Users\bogdan.mates\Documents\Visual Studio 2013\Projects\CMSSite\CMSSite\Views\NikeShoeVariant\Index.cshtml(24): error CS1061: 'CMSSite.Models.Catalog.NikeShoeVariant' does not contain a definition for 'PageImage' and no extension method 'PageImage' accepting a first argument of type 'CMSSite.Models.Catalog.NikeShoeVariant' could be found (are you missing a using directive or an assembly reference?)
   at System.Web.Compilation.AssemblyBuilder.Compile()
   at System.Web.Compilation.BuildProvidersCompiler.PerformBuild()
   at System.Web.Compilation.BuildManager.CompileWebFile(VirtualPath virtualPath)
   at System.Web.Compilation.BuildManager.GetVPathBuildResultInternal(VirtualPath virtualPath, Boolean noBuild, Boolean allowCrossApp, Boolean allowBuildInPrecompile, Boolean throwIfNotFound, Boolean ensureIsUpToDate)
   at System.Web.Compilation.BuildManager.GetVPathBuildResultWithNoAssert(HttpContext context, VirtualPath virtualPath, Boolean noBuild, Boolean allowCrossApp, Boolean allowBuildInPrecompile, Boolean throwIfNotFound, Boolean ensureIsUpToDate)
   at System.Web.Compilation.BuildManager.GetVirtualPathObjectFactory(VirtualPath virtualPath, HttpContext context, Boolean allowCrossApp, Boolean throwIfNotFound)
   at System.Web.Compilation.BuildManager.GetCompiledType(VirtualPath virtualPath)
   at System.Web.Compilation.BuildManager.GetCompiledType(String virtualPath)
   at System.Web.Mvc.BuildManagerWrapper.System.Web.Mvc.IBuildManager.GetCompiledType(String virtualPath)
   at System.Web.Mvc.BuildManagerCompiledView.Render(ViewContext viewContext, TextWriter writer)
   at System.Web.Mvc.ViewResultBase.ExecuteResult(ControllerContext context)
   at System.Web.Mvc.ControllerActionInvoker.InvokeActionResult(ControllerContext controllerContext, ActionResult actionResult)
   at System.Web.Mvc.ControllerActionInvoker.InvokeActionResultFilterRecursive(IList`1 filters, Int32 filterIndex, ResultExecutingContext preContext, ControllerContext controllerContext, ActionResult actionResult)
   at System.Web.Mvc.ControllerActionInvoker.InvokeActionResultFilterRecursive(IList`1 filters, Int32 filterIndex, ResultExecutingContext preContext, ControllerContext controllerContext, ActionResult actionResult)
   at System.Web.Mvc.ControllerActionInvoker.InvokeActionResultFilterRecursive(IList`1 filters, Int32 filterIndex, ResultExecutingContext preContext, ControllerContext controllerContext, ActionResult actionResult)
   at System.Web.Mvc.ControllerActionInvoker.InvokeActionResultFilterRecursive(IList`1 filters, Int32 filterIndex, ResultExecutingContext preContext, ControllerContext controllerContext, ActionResult actionResult)
   at System.Web.Mvc.ControllerActionInvoker.InvokeActionResultFilterRecursive(IList`1 filters, Int32 filterIndex, ResultExecutingContext preContext, ControllerContext controllerContext, ActionResult actionResult)
   at System.Web.Mvc.ControllerActionInvoker.InvokeActionResultFilterRecursive(IList`1 filters, Int32 filterIndex, ResultExecutingContext preContext, ControllerContext controllerContext, ActionResult actionResult)
   at System.Web.Mvc.ControllerActionInvoker.InvokeActionResultWithFilters(ControllerContext controllerContext, IList`1 filters, ActionResult actionResult)
   at System.Web.Mvc.Async.AsyncControllerActionInvoker.<>c__DisplayClass21.<>c__DisplayClass2b.<BeginInvokeAction>b__1c()
   at System.Web.Mvc.Async.AsyncControllerActionInvoker.<>c__DisplayClass21.<BeginInvokeAction>b__1e(IAsyncResult asyncResult)
   at System.Web.Mvc.Async.AsyncResultWrapper.WrappedAsyncResult`1.CallEndDelegate(IAsyncResult asyncResult)
   at System.Web.Mvc.Async.AsyncResultWrapper.WrappedAsyncResultBase`1.End()
   at System.Web.Mvc.Async.AsyncResultWrapper.End[TResult](IAsyncResult asyncResult, Object tag)
   at System.Web.Mvc.Async.AsyncControllerActionInvoker.EndInvokeAction(IAsyncResult asyncResult)
   at System.Web.Mvc.Controller.<BeginExecuteCore>b__1d(IAsyncResult asyncResult, ExecuteCoreState innerState)
   at System.Web.Mvc.Async.AsyncResultWrapper.WrappedAsyncVoid`1.CallEndDelegate(IAsyncResult asyncResult)
   at System.Web.Mvc.Async.AsyncResultWrapper.WrappedAsyncResultBase`1.End()
   at System.Web.Mvc.Async.AsyncResultWrapper.End[TResult](IAsyncResult asyncResult, Object tag)
   at System.Web.Mvc.Async.AsyncResultWrapper.End(IAsyncResult asyncResult, Object tag)
   at System.Web.Mvc.Controller.EndExecuteCore(IAsyncResult asyncResult)
   at System.Web.Mvc.Controller.<BeginExecute>b__15(IAsyncResult asyncResult, Controller controller)
   at System.Web.Mvc.Async.AsyncResultWrapper.WrappedAsyncVoid`1.CallEndDelegate(IAsyncResult asyncResult)
   at System.Web.Mvc.Async.AsyncResultWrapper.WrappedAsyncResultBase`1.End()
   at System.Web.Mvc.Async.AsyncResultWrapper.End[TResult](IAsyncResult asyncResult, Object tag)
   at System.Web.Mvc.Async.AsyncResultWrapper.End(IAsyncResult asyncResult, Object tag)
   at System.Web.Mvc.Controller.EndExecute(IAsyncResult asyncResult)
   at System.Web.Mvc.Controller.System.Web.Mvc.Async.IAsyncController.EndExecute(IAsyncResult asyncResult)
   at System.Web.Mvc.MvcHandler.<BeginProcessRequest>b__5(IAsyncResult asyncResult, ProcessRequestState innerState)
   at System.Web.Mvc.Async.AsyncResultWrapper.WrappedAsyncVoid`1.CallEndDelegate(IAsyncResult asyncResult)
   at System.Web.Mvc.Async.AsyncResultWrapper.WrappedAsyncResultBase`1.End()
   at System.Web.Mvc.Async.AsyncResultWrapper.End[TResult](IAsyncResult asyncResult, Object tag)
   at System.Web.Mvc.Async.AsyncResultWrapper.End(IAsyncResult asyncResult, Object tag)
   at System.Web.Mvc.MvcHandler.EndProcessRequest(IAsyncResult asyncResult)
   at System.Web.Mvc.MvcHandler.System.Web.IHttpAsyncHandler.EndProcessRequest(IAsyncResult result)
   at System.Web.HttpApplication.CallHandlerExecutionStep.System.Web.HttpApplication.IExecutionStep.Execute()
   at System.Web.HttpApplication.ExecuteStep(IExecutionStep step, Boolean& completedSynchronously)
System.Web.HttpCompileException (0x80004005): c:\Users\bogdan.mates\Documents\Visual Studio 2013\Projects\CMSSite\CMSSite\Views\NikeShoeVariant\Index.cshtml(24): error CS1061: 'CMSSite.Models.Catalog.NikeShoeVariant' does not contain a definition for 'PageImage' and no extension method 'PageImage' accepting a first argument of type 'CMSSite.Models.Catalog.NikeShoeVariant' could be found (are you missing a using directive or an assembly reference?)
   at System.Web.Compilation.AssemblyBuilder.Compile()
   at System.Web.Compilation.BuildProvidersCompiler.PerformBuild()
   at System.Web.Compilation.BuildManager.CompileWebFile(VirtualPath virtualPath)
   at System.Web.Compilation.BuildManager.GetVPathBuildResultInternal(VirtualPath virtualPath, Boolean noBuild, Boolean allowCrossApp, Boolean allowBuildInPrecompile, Boolean throwIfNotFound, Boolean ensureIsUpToDate)
   at System.Web.Compilation.BuildManager.GetVPathBuildResultWithNoAssert(HttpContext context, VirtualPath virtualPath, Boolean noBuild, Boolean allowCrossApp, Boolean allowBuildInPrecompile, Boolean throwIfNotFound, Boolean ensureIsUpToDate)
   at System.Web.Compilation.BuildManager.GetVirtualPathObjectFactory(VirtualPath virtualPath, HttpContext context, Boolean allowCrossApp, Boolean throwIfNotFound)
   at System.Web.Compilation.BuildManager.GetCompiledType(VirtualPath virtualPath)
   at System.Web.Compilation.BuildManager.GetCompiledType(String virtualPath)
   at System.Web.Mvc.BuildManagerWrapper.System.Web.Mvc.IBuildManager.GetCompiledType(String virtualPath)
   at System.Web.Mvc.BuildManagerCompiledView.Render(ViewContext viewContext, TextWriter writer)
   at System.Web.Mvc.ViewResultBase.ExecuteResult(ControllerContext context)
   at System.Web.Mvc.ControllerActionInvoker.InvokeActionResult(ControllerContext controllerContext, ActionResult actionResult)
   at System.Web.Mvc.ControllerActionInvoker.InvokeActionResultFilterRecursive(IList`1 filters, Int32 filterIndex, ResultExecutingContext preContext, ControllerContext controllerContext, ActionResult actionResult)
   at System.Web.Mvc.ControllerActionInvoker.InvokeActionResultFilterRecursive(IList`1 filters, Int32 filterIndex, ResultExecutingContext preContext, ControllerContext controllerContext, ActionResult actionResult)
   at System.Web.Mvc.ControllerActionInvoker.InvokeActionResultFilterRecursive(IList`1 filters, Int32 filterIndex, ResultExecutingContext preContext, ControllerContext controllerContext, ActionResult actionResult)
   at System.Web.Mvc.ControllerActionInvoker.InvokeActionResultFilterRecursive(IList`1 filters, Int32 filterIndex, ResultExecutingContext preContext, ControllerContext controllerContext, ActionResult actionResult)
   at System.Web.Mvc.ControllerActionInvoker.InvokeActionResultFilterRecursive(IList`1 filters, Int32 filterIndex, ResultExecutingContext preContext, ControllerContext controllerContext, ActionResult actionResult)
   at System.Web.Mvc.ControllerActionInvoker.InvokeActionResultFilterRecursive(IList`1 filters, Int32 filterIndex, ResultExecutingContext preContext, ControllerContext controllerContext, ActionResult actionResult)
   at System.Web.Mvc.ControllerActionInvoker.InvokeActionResultWithFilters(ControllerContext controllerContext, IList`1 filters, ActionResult actionResult)
   at System.Web.Mvc.Async.AsyncControllerActionInvoker.<>c__DisplayClass21.<>c__DisplayClass2b.<BeginInvokeAction>b__1c()
   at System.Web.Mvc.Async.AsyncControllerActionInvoker.<>c__DisplayClass21.<BeginInvokeAction>b__1e(IAsyncResult asyncResult)
   at System.Web.Mvc.Async.AsyncResultWrapper.WrappedAsyncResult`1.CallEndDelegate(IAsyncResult asyncResult)
   at System.Web.Mvc.Async.AsyncResultWrapper.WrappedAsyncResultBase`1.End()
   at System.Web.Mvc.Async.AsyncResultWrapper.End[TResult](IAsyncResult asyncResult, Object tag)
   at System.Web.Mvc.Async.AsyncControllerActionInvoker.EndInvokeAction(IAsyncResult asyncResult)
   at System.Web.Mvc.Controller.<BeginExecuteCore>b__1d(IAsyncResult asyncResult, ExecuteCoreState innerState)
   at System.Web.Mvc.Async.AsyncResultWrapper.WrappedAsyncVoid`1.CallEndDelegate(IAsyncResult asyncResult)
   at System.Web.Mvc.Async.AsyncResultWrapper.WrappedAsyncResultBase`1.End()
   at System.Web.Mvc.Async.AsyncResultWrapper.End[TResult](IAsyncResult asyncResult, Object tag)
   at System.Web.Mvc.Async.AsyncResultWrapper.End(IAsyncResult asyncResult, Object tag)
   at System.Web.Mvc.Controller.EndExecuteCore(IAsyncResult asyncResult)
   at System.Web.Mvc.Controller.<BeginExecute>b__15(IAsyncResult asyncResult, Controller controller)
   at System.Web.Mvc.Async.AsyncResultWrapper.WrappedAsyncVoid`1.CallEndDelegate(IAsyncResult asyncResult)
   at System.Web.Mvc.Async.AsyncResultWrapper.WrappedAsyncResultBase`1.End()
   at System.Web.Mvc.Async.AsyncResultWrapper.End[TResult](IAsyncResult asyncResult, Object tag)
   at System.Web.Mvc.Async.AsyncResultWrapper.End(IAsyncResult asyncResult, Object tag)
   at System.Web.Mvc.Controller.EndExecute(IAsyncResult asyncResult)
   at System.Web.Mvc.Controller.System.Web.Mvc.Async.IAsyncController.EndExecute(IAsyncResult asyncResult)
   at System.Web.Mvc.MvcHandler.<BeginProcessRequest>b__5(IAsyncResult asyncResult, ProcessRequestState innerState)
   at System.Web.Mvc.Async.AsyncResultWrapper.WrappedAsyncVoid`1.CallEndDelegate(IAsyncResult asyncResult)
   at System.Web.Mvc.Async.AsyncResultWrapper.WrappedAsyncResultBase`1.End()
   at System.Web.Mvc.Async.AsyncResultWrapper.End[TResult](IAsyncResult asyncResult, Object tag)
   at System.Web.Mvc.Async.AsyncResultWrapper.End(IAsyncResult asyncResult, Object tag)
   at System.Web.Mvc.MvcHandler.EndProcessRequest(IAsyncResult asyncResult)
   at System.Web.Mvc.MvcHandler.System.Web.IHttpAsyncHandler.EndProcessRequest(IAsyncResult result)
   at System.Web.HttpApplication.CallHandlerExecutionStep.System.Web.HttpApplication.IExecutionStep.Execute()
   at System.Web.HttpApplication.ExecuteStep(IExecutionStep step, Boolean& completedSynchronously)
2015-07-24 13:40:41,371 [1] ERROR EPiServer.Framework.Initialization.InitializationEngine: Initialize action failed for Initialize on class EPiServer.Initialization.ModelSyncInitialization, EPiServer, Version=8.9.0.0, Culture=neutral, PublicKeyToken=8fe83dea738b45b7
EPiServer.Core.TypeMismatchException: Type 'EPiServer.Core.ImageData' could not be mapped to a PropertyDefinitionType
   at EPiServer.DataAbstraction.RuntimeModel.PropertyDefinitionSynchronizer.ResolveType(PropertyDefinitionModel model)
   at EPiServer.DataAbstraction.RuntimeModel.PropertyDefinitionSynchronizer.CreatePropertyDefinition(PropertyDefinitionModel model, Int32 contentTypeID)
   at EPiServer.DataAbstraction.RuntimeModel.ContentTypeModelRegister.CommitProperties(Boolean deleteUnusedTypes)
   at EPiServer.DataAbstraction.RuntimeModel.ContentTypeModelScanner.Sync(Boolean commitChanges)
   at EPiServer.Initialization.ModelSyncInitialization.Initialize(InitializationEngine context)
   at EPiServer.Framework.Initialization.ModuleNode.<>c__DisplayClass5.<Initialize>b__4()
   at EPiServer.Framework.Initialization.ModuleNode.Execute(Action a, String key)
   at EPiServer.Framework.Initialization.ModuleNode.Initialize(InitializationEngine context)
   at EPiServer.Framework.Initialization.InitializationEngine.InitializeModules()
EPiServer.Core.TypeMismatchException: Type 'EPiServer.Core.ImageData' could not be mapped to a PropertyDefinitionType
   at EPiServer.DataAbstraction.RuntimeModel.PropertyDefinitionSynchronizer.ResolveType(PropertyDefinitionModel model)
   at EPiServer.DataAbstraction.RuntimeModel.PropertyDefinitionSynchronizer.CreatePropertyDefinition(PropertyDefinitionModel model, Int32 contentTypeID)
   at EPiServer.DataAbstraction.RuntimeModel.ContentTypeModelRegister.CommitProperties(Boolean deleteUnusedTypes)
   at EPiServer.DataAbstraction.RuntimeModel.ContentTypeModelScanner.Sync(Boolean commitChanges)
   at EPiServer.Initialization.ModelSyncInitialization.Initialize(InitializationEngine context)
   at EPiServer.Framework.Initialization.ModuleNode.<>c__DisplayClass5.<Initialize>b__4()
   at EPiServer.Framework.Initialization.ModuleNode.Execute(Action a, String key)
   at EPiServer.Framework.Initialization.ModuleNode.Initialize(InitializationEngine context)
   at EPiServer.Framework.Initialization.InitializationEngine.InitializeModules()
2015-07-24 13:44:01,920 [1] ERROR EPiServer.Framework.Initialization.InitializationEngine: Initialize action failed for Initialize on class EPiServer.Initialization.ModelSyncInitialization, EPiServer, Version=8.9.0.0, Culture=neutral, PublicKeyToken=8fe83dea738b45b7
EPiServer.Core.TypeMismatchException: Type 'EPiServer.Core.ImageData' could not be mapped to a PropertyDefinitionType
   at EPiServer.DataAbstraction.RuntimeModel.PropertyDefinitionSynchronizer.ResolveType(PropertyDefinitionModel model)
   at EPiServer.DataAbstraction.RuntimeModel.PropertyDefinitionSynchronizer.CreatePropertyDefinition(PropertyDefinitionModel model, Int32 contentTypeID)
   at EPiServer.DataAbstraction.RuntimeModel.ContentTypeModelRegister.CommitProperties(Boolean deleteUnusedTypes)
   at EPiServer.DataAbstraction.RuntimeModel.ContentTypeModelScanner.Sync(Boolean commitChanges)
   at EPiServer.Initialization.ModelSyncInitialization.Initialize(InitializationEngine context)
   at EPiServer.Framework.Initialization.ModuleNode.<>c__DisplayClass5.<Initialize>b__4()
   at EPiServer.Framework.Initialization.ModuleNode.Execute(Action a, String key)
   at EPiServer.Framework.Initialization.ModuleNode.Initialize(InitializationEngine context)
   at EPiServer.Framework.Initialization.InitializationEngine.InitializeModules()
EPiServer.Core.TypeMismatchException: Type 'EPiServer.Core.ImageData' could not be mapped to a PropertyDefinitionType
   at EPiServer.DataAbstraction.RuntimeModel.PropertyDefinitionSynchronizer.ResolveType(PropertyDefinitionModel model)
   at EPiServer.DataAbstraction.RuntimeModel.PropertyDefinitionSynchronizer.CreatePropertyDefinition(PropertyDefinitionModel model, Int32 contentTypeID)
   at EPiServer.DataAbstraction.RuntimeModel.ContentTypeModelRegister.CommitProperties(Boolean deleteUnusedTypes)
   at EPiServer.DataAbstraction.RuntimeModel.ContentTypeModelScanner.Sync(Boolean commitChanges)
   at EPiServer.Initialization.ModelSyncInitialization.Initialize(InitializationEngine context)
   at EPiServer.Framework.Initialization.ModuleNode.<>c__DisplayClass5.<Initialize>b__4()
   at EPiServer.Framework.Initialization.ModuleNode.Execute(Action a, String key)
   at EPiServer.Framework.Initialization.ModuleNode.Initialize(InitializationEngine context)
   at EPiServer.Framework.Initialization.InitializationEngine.InitializeModules()
2015-07-24 13:44:29,615 [1] ERROR EPiServer.Framework.Initialization.InitializationEngine: Initialize action failed for Initialize on class EPiServer.Initialization.ModelSyncInitialization, EPiServer, Version=8.9.0.0, Culture=neutral, PublicKeyToken=8fe83dea738b45b7
EPiServer.Core.TypeMismatchException: Type 'EPiServer.Core.ImageData' could not be mapped to a PropertyDefinitionType
   at EPiServer.DataAbstraction.RuntimeModel.PropertyDefinitionSynchronizer.ResolveType(PropertyDefinitionModel model)
   at EPiServer.DataAbstraction.RuntimeModel.PropertyDefinitionSynchronizer.CreatePropertyDefinition(PropertyDefinitionModel model, Int32 contentTypeID)
   at EPiServer.DataAbstraction.RuntimeModel.ContentTypeModelRegister.CommitProperties(Boolean deleteUnusedTypes)
   at EPiServer.DataAbstraction.RuntimeModel.ContentTypeModelScanner.Sync(Boolean commitChanges)
   at EPiServer.Initialization.ModelSyncInitialization.Initialize(InitializationEngine context)
   at EPiServer.Framework.Initialization.ModuleNode.<>c__DisplayClass5.<Initialize>b__4()
   at EPiServer.Framework.Initialization.ModuleNode.Execute(Action a, String key)
   at EPiServer.Framework.Initialization.ModuleNode.Initialize(InitializationEngine context)
   at EPiServer.Framework.Initialization.InitializationEngine.InitializeModules()
EPiServer.Core.TypeMismatchException: Type 'EPiServer.Core.ImageData' could not be mapped to a PropertyDefinitionType
   at EPiServer.DataAbstraction.RuntimeModel.PropertyDefinitionSynchronizer.ResolveType(PropertyDefinitionModel model)
   at EPiServer.DataAbstraction.RuntimeModel.PropertyDefinitionSynchronizer.CreatePropertyDefinition(PropertyDefinitionModel model, Int32 contentTypeID)
   at EPiServer.DataAbstraction.RuntimeModel.ContentTypeModelRegister.CommitProperties(Boolean deleteUnusedTypes)
   at EPiServer.DataAbstraction.RuntimeModel.ContentTypeModelScanner.Sync(Boolean commitChanges)
   at EPiServer.Initialization.ModelSyncInitialization.Initialize(InitializationEngine context)
   at EPiServer.Framework.Initialization.ModuleNode.<>c__DisplayClass5.<Initialize>b__4()
   at EPiServer.Framework.Initialization.ModuleNode.Execute(Action a, String key)
   at EPiServer.Framework.Initialization.ModuleNode.Initialize(InitializationEngine context)
   at EPiServer.Framework.Initialization.InitializationEngine.InitializeModules()
2015-07-24 13:49:01,946 [1] ERROR EPiServer.Framework.Initialization.InitializationEngine: Initialize action failed for Initialize on class EPiServer.Initialization.ModelSyncInitialization, EPiServer, Version=8.9.0.0, Culture=neutral, PublicKeyToken=8fe83dea738b45b7
EPiServer.Core.TypeMismatchException: Type 'EPiServer.Core.ImageData' could not be mapped to a PropertyDefinitionType
   at EPiServer.DataAbstraction.RuntimeModel.PropertyDefinitionSynchronizer.ResolveType(PropertyDefinitionModel model)
   at EPiServer.DataAbstraction.RuntimeModel.PropertyDefinitionSynchronizer.CreatePropertyDefinition(PropertyDefinitionModel model, Int32 contentTypeID)
   at EPiServer.DataAbstraction.RuntimeModel.ContentTypeModelRegister.CommitProperties(Boolean deleteUnusedTypes)
   at EPiServer.DataAbstraction.RuntimeModel.ContentTypeModelScanner.Sync(Boolean commitChanges)
   at EPiServer.Initialization.ModelSyncInitialization.Initialize(InitializationEngine context)
   at EPiServer.Framework.Initialization.ModuleNode.<>c__DisplayClass5.<Initialize>b__4()
   at EPiServer.Framework.Initialization.ModuleNode.Execute(Action a, String key)
   at EPiServer.Framework.Initialization.ModuleNode.Initialize(InitializationEngine context)
   at EPiServer.Framework.Initialization.InitializationEngine.InitializeModules()
EPiServer.Core.TypeMismatchException: Type 'EPiServer.Core.ImageData' could not be mapped to a PropertyDefinitionType
   at EPiServer.DataAbstraction.RuntimeModel.PropertyDefinitionSynchronizer.ResolveType(PropertyDefinitionModel model)
   at EPiServer.DataAbstraction.RuntimeModel.PropertyDefinitionSynchronizer.CreatePropertyDefinition(PropertyDefinitionModel model, Int32 contentTypeID)
   at EPiServer.DataAbstraction.RuntimeModel.ContentTypeModelRegister.CommitProperties(Boolean deleteUnusedTypes)
   at EPiServer.DataAbstraction.RuntimeModel.ContentTypeModelScanner.Sync(Boolean commitChanges)
   at EPiServer.Initialization.ModelSyncInitialization.Initialize(InitializationEngine context)
   at EPiServer.Framework.Initialization.ModuleNode.<>c__DisplayClass5.<Initialize>b__4()
   at EPiServer.Framework.Initialization.ModuleNode.Execute(Action a, String key)
   at EPiServer.Framework.Initialization.ModuleNode.Initialize(InitializationEngine context)
   at EPiServer.Framework.Initialization.InitializationEngine.InitializeModules()
2015-07-24 13:49:29,929 [1] ERROR EPiServer.Framework.Initialization.InitializationEngine: Initialize action failed for Initialize on class EPiServer.Initialization.ModelSyncInitialization, EPiServer, Version=8.9.0.0, Culture=neutral, PublicKeyToken=8fe83dea738b45b7
EPiServer.Core.TypeMismatchException: Type 'EPiServer.Core.ImageData' could not be mapped to a PropertyDefinitionType
   at EPiServer.DataAbstraction.RuntimeModel.PropertyDefinitionSynchronizer.ResolveType(PropertyDefinitionModel model)
   at EPiServer.DataAbstraction.RuntimeModel.PropertyDefinitionSynchronizer.CreatePropertyDefinition(PropertyDefinitionModel model, Int32 contentTypeID)
   at EPiServer.DataAbstraction.RuntimeModel.ContentTypeModelRegister.CommitProperties(Boolean deleteUnusedTypes)
   at EPiServer.DataAbstraction.RuntimeModel.ContentTypeModelScanner.Sync(Boolean commitChanges)
   at EPiServer.Initialization.ModelSyncInitialization.Initialize(InitializationEngine context)
   at EPiServer.Framework.Initialization.ModuleNode.<>c__DisplayClass5.<Initialize>b__4()
   at EPiServer.Framework.Initialization.ModuleNode.Execute(Action a, String key)
   at EPiServer.Framework.Initialization.ModuleNode.Initialize(InitializationEngine context)
   at EPiServer.Framework.Initialization.InitializationEngine.InitializeModules()
EPiServer.Core.TypeMismatchException: Type 'EPiServer.Core.ImageData' could not be mapped to a PropertyDefinitionType
   at EPiServer.DataAbstraction.RuntimeModel.PropertyDefinitionSynchronizer.ResolveType(PropertyDefinitionModel model)
   at EPiServer.DataAbstraction.RuntimeModel.PropertyDefinitionSynchronizer.CreatePropertyDefinition(PropertyDefinitionModel model, Int32 contentTypeID)
   at EPiServer.DataAbstraction.RuntimeModel.ContentTypeModelRegister.CommitProperties(Boolean deleteUnusedTypes)
   at EPiServer.DataAbstraction.RuntimeModel.ContentTypeModelScanner.Sync(Boolean commitChanges)
   at EPiServer.Initialization.ModelSyncInitialization.Initialize(InitializationEngine context)
   at EPiServer.Framework.Initialization.ModuleNode.<>c__DisplayClass5.<Initialize>b__4()
   at EPiServer.Framework.Initialization.ModuleNode.Execute(Action a, String key)
   at EPiServer.Framework.Initialization.ModuleNode.Initialize(InitializationEngine context)
   at EPiServer.Framework.Initialization.InitializationEngine.InitializeModules()
2015-07-24 13:54:01,617 [1] ERROR EPiServer.Framework.Initialization.InitializationEngine: Initialize action failed for Initialize on class EPiServer.Initialization.ModelSyncInitialization, EPiServer, Version=8.9.0.0, Culture=neutral, PublicKeyToken=8fe83dea738b45b7
EPiServer.Core.TypeMismatchException: Type 'EPiServer.Core.ImageData' could not be mapped to a PropertyDefinitionType
   at EPiServer.DataAbstraction.RuntimeModel.PropertyDefinitionSynchronizer.ResolveType(PropertyDefinitionModel model)
   at EPiServer.DataAbstraction.RuntimeModel.PropertyDefinitionSynchronizer.CreatePropertyDefinition(PropertyDefinitionModel model, Int32 contentTypeID)
   at EPiServer.DataAbstraction.RuntimeModel.ContentTypeModelRegister.CommitProperties(Boolean deleteUnusedTypes)
   at EPiServer.DataAbstraction.RuntimeModel.ContentTypeModelScanner.Sync(Boolean commitChanges)
   at EPiServer.Initialization.ModelSyncInitialization.Initialize(InitializationEngine context)
   at EPiServer.Framework.Initialization.ModuleNode.<>c__DisplayClass5.<Initialize>b__4()
   at EPiServer.Framework.Initialization.ModuleNode.Execute(Action a, String key)
   at EPiServer.Framework.Initialization.ModuleNode.Initialize(InitializationEngine context)
   at EPiServer.Framework.Initialization.InitializationEngine.InitializeModules()
EPiServer.Core.TypeMismatchException: Type 'EPiServer.Core.ImageData' could not be mapped to a PropertyDefinitionType
   at EPiServer.DataAbstraction.RuntimeModel.PropertyDefinitionSynchronizer.ResolveType(PropertyDefinitionModel model)
   at EPiServer.DataAbstraction.RuntimeModel.PropertyDefinitionSynchronizer.CreatePropertyDefinition(PropertyDefinitionModel model, Int32 contentTypeID)
   at EPiServer.DataAbstraction.RuntimeModel.ContentTypeModelRegister.CommitProperties(Boolean deleteUnusedTypes)
   at EPiServer.DataAbstraction.RuntimeModel.ContentTypeModelScanner.Sync(Boolean commitChanges)
   at EPiServer.Initialization.ModelSyncInitialization.Initialize(InitializationEngine context)
   at EPiServer.Framework.Initialization.ModuleNode.<>c__DisplayClass5.<Initialize>b__4()
   at EPiServer.Framework.Initialization.ModuleNode.Execute(Action a, String key)
   at EPiServer.Framework.Initialization.ModuleNode.Initialize(InitializationEngine context)
   at EPiServer.Framework.Initialization.InitializationEngine.InitializeModules()
2015-07-24 13:54:29,387 [1] ERROR EPiServer.Framework.Initialization.InitializationEngine: Initialize action failed for Initialize on class EPiServer.Initialization.ModelSyncInitialization, EPiServer, Version=8.9.0.0, Culture=neutral, PublicKeyToken=8fe83dea738b45b7
EPiServer.Core.TypeMismatchException: Type 'EPiServer.Core.ImageData' could not be mapped to a PropertyDefinitionType
   at EPiServer.DataAbstraction.RuntimeModel.PropertyDefinitionSynchronizer.ResolveType(PropertyDefinitionModel model)
   at EPiServer.DataAbstraction.RuntimeModel.PropertyDefinitionSynchronizer.CreatePropertyDefinition(PropertyDefinitionModel model, Int32 contentTypeID)
   at EPiServer.DataAbstraction.RuntimeModel.ContentTypeModelRegister.CommitProperties(Boolean deleteUnusedTypes)
   at EPiServer.DataAbstraction.RuntimeModel.ContentTypeModelScanner.Sync(Boolean commitChanges)
   at EPiServer.Initialization.ModelSyncInitialization.Initialize(InitializationEngine context)
   at EPiServer.Framework.Initialization.ModuleNode.<>c__DisplayClass5.<Initialize>b__4()
   at EPiServer.Framework.Initialization.ModuleNode.Execute(Action a, String key)
   at EPiServer.Framework.Initialization.ModuleNode.Initialize(InitializationEngine context)
   at EPiServer.Framework.Initialization.InitializationEngine.InitializeModules()
EPiServer.Core.TypeMismatchException: Type 'EPiServer.Core.ImageData' could not be mapped to a PropertyDefinitionType
   at EPiServer.DataAbstraction.RuntimeModel.PropertyDefinitionSynchronizer.ResolveType(PropertyDefinitionModel model)
   at EPiServer.DataAbstraction.RuntimeModel.PropertyDefinitionSynchronizer.CreatePropertyDefinition(PropertyDefinitionModel model, Int32 contentTypeID)
   at EPiServer.DataAbstraction.RuntimeModel.ContentTypeModelRegister.CommitProperties(Boolean deleteUnusedTypes)
   at EPiServer.DataAbstraction.RuntimeModel.ContentTypeModelScanner.Sync(Boolean commitChanges)
   at EPiServer.Initialization.ModelSyncInitialization.Initialize(InitializationEngine context)
   at EPiServer.Framework.Initialization.ModuleNode.<>c__DisplayClass5.<Initialize>b__4()
   at EPiServer.Framework.Initialization.ModuleNode.Execute(Action a, String key)
   at EPiServer.Framework.Initialization.ModuleNode.Initialize(InitializationEngine context)
   at EPiServer.Framework.Initialization.InitializationEngine.InitializeModules()
2015-07-24 13:58:05,584 [1] ERROR EPiServer.Framework.Initialization.InitializationEngine: Initialize action failed for Initialize on class EPiServer.Initialization.ModelSyncInitialization, EPiServer, Version=8.9.0.0, Culture=neutral, PublicKeyToken=8fe83dea738b45b7
System.NotSupportedException: The type EPiServer.DataAnnotations.ImageUrlAttribute can not be mapped to a MetaDataType
   at EPiServer.Commerce.Catalog.Provider.Construction.MetaDataTypeResolver.GetMetaDataType(Type type)
   at EPiServer.Commerce.Catalog.Provider.Construction.CatalogContentScannerExtension.CreateOrUpdateMetaField(MetaClass metaClass, PropertyDefinitionModel propertyDefinitionModel)
   at EPiServer.Commerce.Catalog.Provider.Construction.CatalogContentScannerExtension.AssignModelPropertiesToMetaClass(MetaClass metaClass, IEnumerable`1 propertyDefinitionModels)
   at EPiServer.Commerce.Catalog.Provider.Construction.CatalogContentScannerExtension.AssignValuesToProperties(ContentTypeModel contentTypeModel)
   at EPiServer.DataAbstraction.RuntimeModel.ContentTypeModelScanner.AssignValuesToProperties(ContentTypeModel modelType)
   at EPiServer.DataAbstraction.RuntimeModel.ContentTypeModelScanner.AddModel(Type type)
   at EPiServer.DataAbstraction.RuntimeModel.ContentTypeModelScanner.RegisterModels()
   at EPiServer.Initialization.ModelSyncInitialization.Initialize(InitializationEngine context)
   at EPiServer.Framework.Initialization.ModuleNode.<>c__DisplayClass5.<Initialize>b__4()
   at EPiServer.Framework.Initialization.ModuleNode.Execute(Action a, String key)
   at EPiServer.Framework.Initialization.ModuleNode.Initialize(InitializationEngine context)
   at EPiServer.Framework.Initialization.InitializationEngine.InitializeModules()
System.NotSupportedException: The type EPiServer.DataAnnotations.ImageUrlAttribute can not be mapped to a MetaDataType
   at EPiServer.Commerce.Catalog.Provider.Construction.MetaDataTypeResolver.GetMetaDataType(Type type)
   at EPiServer.Commerce.Catalog.Provider.Construction.CatalogContentScannerExtension.CreateOrUpdateMetaField(MetaClass metaClass, PropertyDefinitionModel propertyDefinitionModel)
   at EPiServer.Commerce.Catalog.Provider.Construction.CatalogContentScannerExtension.AssignModelPropertiesToMetaClass(MetaClass metaClass, IEnumerable`1 propertyDefinitionModels)
   at EPiServer.Commerce.Catalog.Provider.Construction.CatalogContentScannerExtension.AssignValuesToProperties(ContentTypeModel contentTypeModel)
   at EPiServer.DataAbstraction.RuntimeModel.ContentTypeModelScanner.AssignValuesToProperties(ContentTypeModel modelType)
   at EPiServer.DataAbstraction.RuntimeModel.ContentTypeModelScanner.AddModel(Type type)
   at EPiServer.DataAbstraction.RuntimeModel.ContentTypeModelScanner.RegisterModels()
   at EPiServer.Initialization.ModelSyncInitialization.Initialize(InitializationEngine context)
   at EPiServer.Framework.Initialization.ModuleNode.<>c__DisplayClass5.<Initialize>b__4()
   at EPiServer.Framework.Initialization.ModuleNode.Execute(Action a, String key)
   at EPiServer.Framework.Initialization.ModuleNode.Initialize(InitializationEngine context)
   at EPiServer.Framework.Initialization.InitializationEngine.InitializeModules()
2015-07-24 13:58:26,112 [1] ERROR EPiServer.Framework.Initialization.InitializationEngine: Initialize action failed for Initialize on class EPiServer.Initialization.ModelSyncInitialization, EPiServer, Version=8.9.0.0, Culture=neutral, PublicKeyToken=8fe83dea738b45b7
EPiServer.Core.TypeMismatchException: Type 'EPiServer.Core.ImageData' could not be mapped to a PropertyDefinitionType
   at EPiServer.DataAbstraction.RuntimeModel.PropertyDefinitionSynchronizer.ResolveType(PropertyDefinitionModel model)
   at EPiServer.DataAbstraction.RuntimeModel.PropertyDefinitionSynchronizer.CreatePropertyDefinition(PropertyDefinitionModel model, Int32 contentTypeID)
   at EPiServer.DataAbstraction.RuntimeModel.ContentTypeModelRegister.CommitProperties(Boolean deleteUnusedTypes)
   at EPiServer.DataAbstraction.RuntimeModel.ContentTypeModelScanner.Sync(Boolean commitChanges)
   at EPiServer.Initialization.ModelSyncInitialization.Initialize(InitializationEngine context)
   at EPiServer.Framework.Initialization.ModuleNode.<>c__DisplayClass5.<Initialize>b__4()
   at EPiServer.Framework.Initialization.ModuleNode.Execute(Action a, String key)
   at EPiServer.Framework.Initialization.ModuleNode.Initialize(InitializationEngine context)
   at EPiServer.Framework.Initialization.InitializationEngine.InitializeModules()
EPiServer.Core.TypeMismatchException: Type 'EPiServer.Core.ImageData' could not be mapped to a PropertyDefinitionType
   at EPiServer.DataAbstraction.RuntimeModel.PropertyDefinitionSynchronizer.ResolveType(PropertyDefinitionModel model)
   at EPiServer.DataAbstraction.RuntimeModel.PropertyDefinitionSynchronizer.CreatePropertyDefinition(PropertyDefinitionModel model, Int32 contentTypeID)
   at EPiServer.DataAbstraction.RuntimeModel.ContentTypeModelRegister.CommitProperties(Boolean deleteUnusedTypes)
   at EPiServer.DataAbstraction.RuntimeModel.ContentTypeModelScanner.Sync(Boolean commitChanges)
   at EPiServer.Initialization.ModelSyncInitialization.Initialize(InitializationEngine context)
   at EPiServer.Framework.Initialization.ModuleNode.<>c__DisplayClass5.<Initialize>b__4()
   at EPiServer.Framework.Initialization.ModuleNode.Execute(Action a, String key)
   at EPiServer.Framework.Initialization.ModuleNode.Initialize(InitializationEngine context)
   at EPiServer.Framework.Initialization.InitializationEngine.InitializeModules()
2015-07-24 13:59:03,619 [1] ERROR EPiServer.Framework.Initialization.InitializationEngine: Initialize action failed for Initialize on class EPiServer.Initialization.ModelSyncInitialization, EPiServer, Version=8.9.0.0, Culture=neutral, PublicKeyToken=8fe83dea738b45b7
EPiServer.Core.TypeMismatchException: Type 'CMSSite.Models.Media.ImageFile' could not be mapped to a PropertyDefinitionType
   at EPiServer.DataAbstraction.RuntimeModel.PropertyDefinitionSynchronizer.ResolveType(PropertyDefinitionModel model)
   at EPiServer.DataAbstraction.RuntimeModel.PropertyDefinitionSynchronizer.CreatePropertyDefinition(PropertyDefinitionModel model, Int32 contentTypeID)
   at EPiServer.DataAbstraction.RuntimeModel.ContentTypeModelRegister.CommitProperties(Boolean deleteUnusedTypes)
   at EPiServer.DataAbstraction.RuntimeModel.ContentTypeModelScanner.Sync(Boolean commitChanges)
   at EPiServer.Initialization.ModelSyncInitialization.Initialize(InitializationEngine context)
   at EPiServer.Framework.Initialization.ModuleNode.<>c__DisplayClass5.<Initialize>b__4()
   at EPiServer.Framework.Initialization.ModuleNode.Execute(Action a, String key)
   at EPiServer.Framework.Initialization.ModuleNode.Initialize(InitializationEngine context)
   at EPiServer.Framework.Initialization.InitializationEngine.InitializeModules()
EPiServer.Core.TypeMismatchException: Type 'CMSSite.Models.Media.ImageFile' could not be mapped to a PropertyDefinitionType
   at EPiServer.DataAbstraction.RuntimeModel.PropertyDefinitionSynchronizer.ResolveType(PropertyDefinitionModel model)
   at EPiServer.DataAbstraction.RuntimeModel.PropertyDefinitionSynchronizer.CreatePropertyDefinition(PropertyDefinitionModel model, Int32 contentTypeID)
   at EPiServer.DataAbstraction.RuntimeModel.ContentTypeModelRegister.CommitProperties(Boolean deleteUnusedTypes)
   at EPiServer.DataAbstraction.RuntimeModel.ContentTypeModelScanner.Sync(Boolean commitChanges)
   at EPiServer.Initialization.ModelSyncInitialization.Initialize(InitializationEngine context)
   at EPiServer.Framework.Initialization.ModuleNode.<>c__DisplayClass5.<Initialize>b__4()
   at EPiServer.Framework.Initialization.ModuleNode.Execute(Action a, String key)
   at EPiServer.Framework.Initialization.ModuleNode.Initialize(InitializationEngine context)
   at EPiServer.Framework.Initialization.InitializationEngine.InitializeModules()
